[2020-01-09 21:56:16 INFO c.l.k.SpringbootKettleApplication ] Starting SpringbootKettleApplication on SKY-20190831MCG with PID 9680 (D:\kettle-springboot\springboot-kettle\target\classes started by Administrator in D:\lcn+springboot\tx-manager)
[2020-01-09 21:56:16 DEBUG c.l.k.SpringbootKettleApplication ] Running with Spring Boot v2.0.4.RELEASE, Spring v5.0.8.RELEASE
[2020-01-09 21:56:16 INFO c.l.k.SpringbootKettleApplication ] No active profile set, falling back to default profiles: default
[2020-01-09 21:56:17 INFO o.s.b.w.s.c.AnnotationConfigServletWebServerApplicationContext ] Refreshing org.springframework.boot.web.servlet.context.AnnotationConfigServletWebServerApplicationContext@5bde96ce: startup date [Thu Jan 09 21:56:17 CST 2020]; root of context hierarchy
[2020-01-09 21:56:17 DEBUG o.b.s.e.s.BeetlSqlClassPathScanner ] Identified candidate component class: file [D:\kettle-springboot\springboot-kettle\target\classes\com\lx\kettle\core\mapper\CategoryDao.class]
[2020-01-09 21:56:17 DEBUG o.b.s.e.s.BeetlSqlClassPathScanner ] Identified candidate component class: file [D:\kettle-springboot\springboot-kettle\target\classes\com\lx\kettle\core\mapper\KJobDao.class]
[2020-01-09 21:56:17 DEBUG o.b.s.e.s.BeetlSqlClassPathScanner ] Identified candidate component class: file [D:\kettle-springboot\springboot-kettle\target\classes\com\lx\kettle\core\mapper\KJobMonitorDao.class]
[2020-01-09 21:56:17 DEBUG o.b.s.e.s.BeetlSqlClassPathScanner ] Identified candidate component class: file [D:\kettle-springboot\springboot-kettle\target\classes\com\lx\kettle\core\mapper\KQuartzDao.class]
[2020-01-09 21:56:17 DEBUG o.b.s.e.s.BeetlSqlClassPathScanner ] Identified candidate component class: file [D:\kettle-springboot\springboot-kettle\target\classes\com\lx\kettle\core\mapper\KRepositoryDao.class]
[2020-01-09 21:56:17 DEBUG o.b.s.e.s.BeetlSqlClassPathScanner ] Identified candidate component class: file [D:\kettle-springboot\springboot-kettle\target\classes\com\lx\kettle\core\mapper\KRepositoryTypeDao.class]
[2020-01-09 21:56:17 DEBUG o.b.s.e.s.BeetlSqlClassPathScanner ] Identified candidate component class: file [D:\kettle-springboot\springboot-kettle\target\classes\com\lx\kettle\core\mapper\KTransDao.class]
[2020-01-09 21:56:17 DEBUG o.b.s.e.s.BeetlSqlClassPathScanner ] Identified candidate component class: file [D:\kettle-springboot\springboot-kettle\target\classes\com\lx\kettle\core\mapper\KTransMonitorDao.class]
[2020-01-09 21:56:17 DEBUG o.b.s.e.s.BeetlSqlClassPathScanner ] Identified candidate component class: file [D:\kettle-springboot\springboot-kettle\target\classes\com\lx\kettle\core\mapper\KUserDao.class]
[2020-01-09 21:56:17 WARN o.b.s.e.s.BeetlSqlClassPathScanner ] BeetlSql没有在 '[com.lx.kettle.core.mapper]' 包中找到任何Mapper，请检查配置
[2020-01-09 21:56:17 WARN o.s.c.a.ConfigurationClassPostProcessor ] Cannot enhance @Configuration bean definition 'SQLManagerConfig' since its singleton instance has been created too early. The typical cause is a non-static @Bean method with a BeanDefinitionRegistryPostProcessor return type: Consider declaring such methods as 'static'.
[2020-01-09 21:56:18 INFO o.s.b.f.a.AutowiredAnnotationBeanPostProcessor ] JSR-330 'javax.inject.Inject' annotation found and supported for autowiring
[2020-01-09 21:56:18 INFO o.s.b.w.e.t.TomcatWebServer ] Tomcat initialized with port(s): 8010 (http)
[2020-01-09 21:56:19 INFO o.s.w.c.ContextLoader ] Root WebApplicationContext: initialization completed in 2226 ms
[2020-01-09 21:56:19 INFO o.s.b.w.s.ServletRegistrationBean ] Servlet dispatcherServlet mapped to [/]
[2020-01-09 21:56:19 INFO o.s.b.w.s.FilterRegistrationBean ] Mapping filter: 'characterEncodingFilter' to: [/*]
[2020-01-09 21:56:19 INFO o.s.b.w.s.FilterRegistrationBean ] Mapping filter: 'hiddenHttpMethodFilter' to: [/*]
[2020-01-09 21:56:19 INFO o.s.b.w.s.FilterRegistrationBean ] Mapping filter: 'httpPutFormContentFilter' to: [/*]
[2020-01-09 21:56:19 INFO o.s.b.w.s.FilterRegistrationBean ] Mapping filter: 'requestContextFilter' to: [/*]
[2020-01-09 21:56:30 INFO o.s.w.s.h.SimpleUrlHandlerMapping ] Mapped URL path [/**/favicon.ico] onto handler of type [class org.springframework.web.servlet.resource.ResourceHttpRequestHandler]
[2020-01-09 21:56:30 INFO o.s.w.s.m.m.a.RequestMappingHandlerAdapter ] Looking for @ControllerAdvice: org.springframework.boot.web.servlet.context.AnnotationConfigServletWebServerApplicationContext@5bde96ce: startup date [Thu Jan 09 21:56:17 CST 2020]; root of context hierarchy
[2020-01-09 21:56:30 INFO o.s.w.s.m.m.a.RequestMappingHandlerMapping ] Mapped "{[/category/getSimpleList.shtml]}" onto public java.lang.String com.lx.kettle.web.controller.CategoryController.simpleList(javax.servlet.http.HttpServletRequest)
[2020-01-09 21:56:30 INFO o.s.w.s.m.m.a.RequestMappingHandlerMapping ] Mapped "{[/category/getCategory.shtml]}" onto public java.lang.String com.lx.kettle.web.controller.CategoryController.getQuartz(java.lang.Integer)
[2020-01-09 21:56:30 INFO o.s.w.s.m.m.a.RequestMappingHandlerMapping ] Mapped "{[/index/login.shtml]}" onto public java.lang.String com.lx.kettle.web.controller.IndexController.login(java.lang.String,java.lang.String,org.springframework.web.servlet.mvc.support.RedirectAttributes,javax.servlet.http.HttpServletRequest)
[2020-01-09 21:56:30 INFO o.s.w.s.m.m.a.RequestMappingHandlerMapping ] Mapped "{[/index/isAdmin.shtml],methods=[POST]}" onto public java.lang.String com.lx.kettle.web.controller.IndexController.isAdmin(javax.servlet.http.HttpServletRequest)
[2020-01-09 21:56:30 INFO o.s.w.s.m.m.a.RequestMappingHandlerMapping ] Mapped "{[/job/getList.shtml]}" onto public java.lang.String com.lx.kettle.web.controller.JobController.getJobList(javax.servlet.http.HttpServletRequest,java.lang.Integer,java.lang.Integer,java.lang.Integer,java.lang.String)
[2020-01-09 21:56:30 INFO o.s.w.s.m.m.a.RequestMappingHandlerMapping ] Mapped "{[/job/getStopTaskCount.shtml]}" onto public java.lang.String com.lx.kettle.web.controller.JobController.getStopTaskCount(java.lang.Integer,java.lang.String,javax.servlet.http.HttpServletRequest)
[2020-01-09 21:56:30 INFO o.s.w.s.m.m.a.RequestMappingHandlerMapping ] Mapped "{[/job/getJobRunState.shtml]}" onto public java.lang.String com.lx.kettle.web.controller.JobController.getJobRunState(java.lang.Integer)
[2020-01-09 21:56:30 INFO o.s.w.s.m.m.a.RequestMappingHandlerMapping ] Mapped "{[/job/start.shtml/{jobId}]}" onto public java.lang.String com.lx.kettle.web.controller.JobController.startJob(java.lang.Integer,javax.servlet.http.HttpServletRequest)
[2020-01-09 21:56:30 INFO o.s.w.s.m.m.a.RequestMappingHandlerMapping ] Mapped "{[/job/getJob.shtml],methods=[POST]}" onto public java.lang.String com.lx.kettle.web.controller.JobController.getJobNamebyJobId(java.lang.Integer,javax.servlet.http.HttpServletRequest)
[2020-01-09 21:56:30 INFO o.s.w.s.m.m.a.RequestMappingHandlerMapping ] Mapped "{[/job/getStartTaskCount.shtml]}" onto public java.lang.String com.lx.kettle.web.controller.JobController.getStartTaskCount(java.lang.Integer,java.lang.String,javax.servlet.http.HttpServletRequest)
[2020-01-09 21:56:30 INFO o.s.w.s.m.m.a.RequestMappingHandlerMapping ] Mapped "{[/job/monitor/getAllMonitorJob.shtml],methods=[POST]}" onto public java.lang.Object com.lx.kettle.web.controller.JobMonitorController.getAllMonitorJob(org.apache.catalina.servlet4preview.http.HttpServletRequest)
[2020-01-09 21:56:30 INFO o.s.w.s.m.m.a.RequestMappingHandlerMapping ] Mapped "{[/main/getKettleLine.shtml],methods=[POST]}" onto public java.lang.String com.lx.kettle.web.controller.MainController.getKettleLine(javax.servlet.http.HttpServletRequest)
[2020-01-09 21:56:30 INFO o.s.w.s.m.m.a.RequestMappingHandlerMapping ] Mapped "{[/main/allRuning.shtml],methods=[POST]}" onto public java.lang.String com.lx.kettle.web.controller.MainController.allRuning(javax.servlet.http.HttpServletRequest)
[2020-01-09 21:56:30 INFO o.s.w.s.m.m.a.RequestMappingHandlerMapping ] Mapped "{[/main/getTransList.shtml],methods=[GET]}" onto public java.lang.String com.lx.kettle.web.controller.MainController.getTransList(java.lang.Integer,java.lang.Integer,javax.servlet.http.HttpServletRequest)
[2020-01-09 21:56:30 INFO o.s.w.s.m.m.a.RequestMappingHandlerMapping ] Mapped "{[/main/getJobList.shtml],methods=[GET]}" onto public java.lang.String com.lx.kettle.web.controller.MainController.getJobListTop5(java.lang.Integer,java.lang.Integer,javax.servlet.http.HttpServletRequest)
[2020-01-09 21:56:30 INFO o.s.w.s.m.m.a.RequestMappingHandlerMapping ] Mapped "{[/view/user/listUI.shtml]}" onto public java.lang.Object com.lx.kettle.web.controller.PageController.userList()
[2020-01-09 21:56:30 INFO o.s.w.s.m.m.a.RequestMappingHandlerMapping ] Mapped "{[/view/user/editUI.shtml]}" onto public java.lang.String com.lx.kettle.web.controller.PageController.userEditUI(java.lang.Integer,org.springframework.ui.Model)
[2020-01-09 21:56:30 INFO o.s.w.s.m.m.a.RequestMappingHandlerMapping ] Mapped "{[/view/user/addUI.shtml]}" onto public java.lang.String com.lx.kettle.web.controller.PageController.userAddUI()
[2020-01-09 21:56:30 INFO o.s.w.s.m.m.a.RequestMappingHandlerMapping ] Mapped "{[/view/indexUI.shtml]}" onto public java.lang.String com.lx.kettle.web.controller.PageController.IndexUI()
[2020-01-09 21:56:30 INFO o.s.w.s.m.m.a.RequestMappingHandlerMapping ] Mapped "{[/view/mainUI.shtml]}" onto public java.lang.String com.lx.kettle.web.controller.PageController.mainUI()
[2020-01-09 21:56:30 INFO o.s.w.s.m.m.a.RequestMappingHandlerMapping ] Mapped "{[/view/loginUI.shtml]}" onto public java.lang.String com.lx.kettle.web.controller.PageController.loginUI(java.lang.String,javax.servlet.http.HttpSession)
[2020-01-09 21:56:30 INFO o.s.w.s.m.m.a.RequestMappingHandlerMapping ] Mapped "{[/view/job/listUI.shtml]}" onto public java.lang.String com.lx.kettle.web.controller.PageController.jobListUI()
[2020-01-09 21:56:30 INFO o.s.w.s.m.m.a.RequestMappingHandlerMapping ] Mapped "{[/view/job/rAddUI.shtml]}" onto public java.lang.String com.lx.kettle.web.controller.PageController.jobRAddUI()
[2020-01-09 21:56:30 INFO o.s.w.s.m.m.a.RequestMappingHandlerMapping ] Mapped "{[/view/job/fAddUI.shtml]}" onto public java.lang.String com.lx.kettle.web.controller.PageController.jobFAddUI()
[2020-01-09 21:56:30 INFO o.s.w.s.m.m.a.RequestMappingHandlerMapping ] Mapped "{[/view/job/editUI.shtml]}" onto public java.lang.String com.lx.kettle.web.controller.PageController.jobEditUI(java.lang.Integer,org.springframework.ui.Model)
[2020-01-09 21:56:30 INFO o.s.w.s.m.m.a.RequestMappingHandlerMapping ] Mapped "{[/view/category/listUI.shtml]}" onto public java.lang.String com.lx.kettle.web.controller.PageController.categoryListUI()
[2020-01-09 21:56:30 INFO o.s.w.s.m.m.a.RequestMappingHandlerMapping ] Mapped "{[/view/category/addUI.shtml]}" onto public java.lang.String com.lx.kettle.web.controller.PageController.categoryAddUI()
[2020-01-09 21:56:30 INFO o.s.w.s.m.m.a.RequestMappingHandlerMapping ] Mapped "{[/view/category/editUI.shtml]}" onto public java.lang.String com.lx.kettle.web.controller.PageController.categoryEditUI(java.lang.Integer,org.springframework.ui.Model)
[2020-01-09 21:56:30 INFO o.s.w.s.m.m.a.RequestMappingHandlerMapping ] Mapped "{[/view/repostory/listUI.shtml]}" onto public java.lang.String com.lx.kettle.web.controller.PageController.repostoryListUI()
[2020-01-09 21:56:30 INFO o.s.w.s.m.m.a.RequestMappingHandlerMapping ] Mapped "{[/view/repository/addUI.shtml]}" onto public java.lang.String com.lx.kettle.web.controller.PageController.repositoryAddUI()
[2020-01-09 21:56:30 INFO o.s.w.s.m.m.a.RequestMappingHandlerMapping ] Mapped "{[/view/repository/editUI.shtml]}" onto public java.lang.String com.lx.kettle.web.controller.PageController.repositoryEditUI(java.lang.Integer,org.springframework.ui.Model)
[2020-01-09 21:56:30 INFO o.s.w.s.m.m.a.RequestMappingHandlerMapping ] Mapped "{[/view/trans/listUI.shtml]}" onto public java.lang.String com.lx.kettle.web.controller.PageController.transListUI()
[2020-01-09 21:56:30 INFO o.s.w.s.m.m.a.RequestMappingHandlerMapping ] Mapped "{[/view/trans/rAddUI.shtml]}" onto public java.lang.String com.lx.kettle.web.controller.PageController.transRAddUI()
[2020-01-09 21:56:30 INFO o.s.w.s.m.m.a.RequestMappingHandlerMapping ] Mapped "{[/view/trans/fAddUI.shtml]}" onto public java.lang.String com.lx.kettle.web.controller.PageController.transFAddUI()
[2020-01-09 21:56:30 INFO o.s.w.s.m.m.a.RequestMappingHandlerMapping ] Mapped "{[/view/trans/editUI.shtml]}" onto public java.lang.String com.lx.kettle.web.controller.PageController.transEditUI(java.lang.Integer,org.springframework.ui.Model)
[2020-01-09 21:56:30 INFO o.s.w.s.m.m.a.RequestMappingHandlerMapping ] Mapped "{[/view/job/monitor/listUI.shtml]}" onto public java.lang.String com.lx.kettle.web.controller.PageController.jobMonitorListUI()
[2020-01-09 21:56:30 INFO o.s.w.s.m.m.a.RequestMappingHandlerMapping ] Mapped "{[/view/trans/monitor/listUI.shtml]}" onto public java.lang.String com.lx.kettle.web.controller.PageController.transMonitorListUI()
[2020-01-09 21:56:30 INFO o.s.w.s.m.m.a.RequestMappingHandlerMapping ] Mapped "{[/quartz/getSimpleList.shtml]}" onto public java.lang.String com.lx.kettle.web.controller.QuartzController.simpleList(javax.servlet.http.HttpServletRequest)
[2020-01-09 21:56:30 INFO o.s.w.s.m.m.a.RequestMappingHandlerMapping ] Mapped "{[/quartz/getQuartz.shtml]}" onto public java.lang.String com.lx.kettle.web.controller.QuartzController.getQuartz(java.lang.Integer)
[2020-01-09 21:56:30 INFO o.s.w.s.m.m.a.RequestMappingHandlerMapping ] Mapped "{[/repository/database/delete.shtml]}" onto public java.lang.String com.lx.kettle.web.controller.RepostoryController.delete(java.lang.Integer)
[2020-01-09 21:56:30 INFO o.s.w.s.m.m.a.RequestMappingHandlerMapping ] Mapped "{[/repository/database/ckeck.shtml]}" onto public java.lang.String com.lx.kettle.web.controller.RepostoryController.check(com.lx.kettle.core.model.KRepository,javax.servlet.http.HttpServletRequest)
[2020-01-09 21:56:30 INFO o.s.w.s.m.m.a.RequestMappingHandlerMapping ] Mapped "{[/repository/database/getType.shtml]}" onto public java.lang.String com.lx.kettle.web.controller.RepostoryController.getType()
[2020-01-09 21:56:30 INFO o.s.w.s.m.m.a.RequestMappingHandlerMapping ] Mapped "{[/repository/database/insert.shtml]}" onto public java.lang.String com.lx.kettle.web.controller.RepostoryController.insert(javax.servlet.http.HttpServletRequest,com.lx.kettle.core.model.KRepository)
[2020-01-09 21:56:30 INFO o.s.w.s.m.m.a.RequestMappingHandlerMapping ] Mapped "{[/repository/database/getList.shtml]}" onto public java.lang.String com.lx.kettle.web.controller.RepostoryController.getList(java.lang.Integer,java.lang.Integer,javax.servlet.http.HttpServletRequest)
[2020-01-09 21:56:30 INFO o.s.w.s.m.m.a.RequestMappingHandlerMapping ] Mapped "{[/repository/database/getTransTree.shtml]}" onto public java.lang.String com.lx.kettle.web.controller.RepostoryController.getTransTree(java.lang.Integer)
[2020-01-09 21:56:30 INFO o.s.w.s.m.m.a.RequestMappingHandlerMapping ] Mapped "{[/repository/database/getKRepository.shtml]}" onto public java.lang.String com.lx.kettle.web.controller.RepostoryController.getKRepository(java.lang.Integer)
[2020-01-09 21:56:30 INFO o.s.w.s.m.m.a.RequestMappingHandlerMapping ] Mapped "{[/repository/database/getSimpleList.shtml]}" onto public java.lang.String com.lx.kettle.web.controller.RepostoryController.getSimpleList(javax.servlet.http.HttpServletRequest)
[2020-01-09 21:56:30 INFO o.s.w.s.m.m.a.RequestMappingHandlerMapping ] Mapped "{[/repository/database/getAccess.shtml]}" onto public java.lang.String com.lx.kettle.web.controller.RepostoryController.getAccess()
[2020-01-09 21:56:30 INFO o.s.w.s.m.m.a.RequestMappingHandlerMapping ] Mapped "{[/repository/database/getJobTree.shtml]}" onto public java.lang.String com.lx.kettle.web.controller.RepostoryController.getJobTreeByRepositoryId(javax.servlet.http.HttpServletRequest,java.lang.Integer)
[2020-01-09 21:56:30 INFO o.s.w.s.m.m.a.RequestMappingHandlerMapping ] Mapped "{[/trans/start.shtml]}" onto public java.lang.String com.lx.kettle.web.controller.TransController.start(java.lang.Integer)
[2020-01-09 21:56:30 INFO o.s.w.s.m.m.a.RequestMappingHandlerMapping ] Mapped "{[/trans/stop.shtml]}" onto public java.lang.String com.lx.kettle.web.controller.TransController.stop(java.lang.Integer)
[2020-01-09 21:56:30 INFO o.s.w.s.m.m.a.RequestMappingHandlerMapping ] Mapped "{[/trans/insert.shtml]}" onto public java.lang.String com.lx.kettle.web.controller.TransController.insert(com.lx.kettle.core.model.KTrans,java.lang.String,javax.servlet.http.HttpServletRequest)
[2020-01-09 21:56:30 INFO o.s.w.s.m.m.a.RequestMappingHandlerMapping ] Mapped "{[/trans/getList.shtml]}" onto public java.lang.String com.lx.kettle.web.controller.TransController.getList(java.lang.Integer,java.lang.Integer,java.lang.Integer,java.lang.String,javax.servlet.http.HttpServletRequest)
[2020-01-09 21:56:30 INFO o.s.w.s.m.m.a.RequestMappingHandlerMapping ] Mapped "{[/trans/getStopTaskCount.shtml]}" onto public java.lang.String com.lx.kettle.web.controller.TransController.getStopTaskCount(java.lang.Integer,java.lang.String,javax.servlet.http.HttpServletRequest)
[2020-01-09 21:56:30 INFO o.s.w.s.m.m.a.RequestMappingHandlerMapping ] Mapped "{[/trans/getTransRunState.shtml]}" onto public java.lang.String com.lx.kettle.web.controller.TransController.getTransRunState(java.lang.Integer)
[2020-01-09 21:56:30 INFO o.s.w.s.m.m.a.RequestMappingHandlerMapping ] Mapped "{[/trans/getTrans.shtml]}" onto public java.lang.String com.lx.kettle.web.controller.TransController.getTrans(java.lang.Integer)
[2020-01-09 21:56:30 INFO o.s.w.s.m.m.a.RequestMappingHandlerMapping ] Mapped "{[/trans/getStartTaskCount.shtml]}" onto public java.lang.String com.lx.kettle.web.controller.TransController.getStartTaskCount(java.lang.Integer,java.lang.String,javax.servlet.http.HttpServletRequest)
[2020-01-09 21:56:30 INFO o.s.w.s.m.m.a.RequestMappingHandlerMapping ] Mapped "{[/trans/getTrans.shtml/{transId}],methods=[POST]}" onto public java.lang.String com.lx.kettle.web.controller.TransController.getTransByTransId(javax.servlet.http.HttpServletRequest,java.lang.Integer)
[2020-01-09 21:56:30 INFO o.s.w.s.m.m.a.RequestMappingHandlerMapping ] Mapped "{[/trans/monitor/getAllMonitorTrans.shtml],methods=[POST]}" onto public java.lang.String com.lx.kettle.web.controller.TransMonitorController.getAllMonitorTrans(javax.servlet.http.HttpServletRequest)
[2020-01-09 21:56:30 INFO o.s.w.s.m.m.a.RequestMappingHandlerMapping ] Mapped "{[/user/getList.shtml]}" onto public java.lang.String com.lx.kettle.web.controller.UserController.getList(javax.servlet.http.HttpServletRequest,java.lang.Integer,java.lang.Integer)
[2020-01-09 21:56:30 INFO o.s.w.s.m.m.a.RequestMappingHandlerMapping ] Mapped "{[/user/insert.shtml]}" onto public java.lang.String com.lx.kettle.web.controller.UserController.insertUser(javax.servlet.http.HttpServletRequest,com.lx.kettle.core.model.KUser)
[2020-01-09 21:56:30 INFO o.s.w.s.m.m.a.RequestMappingHandlerMapping ] Mapped "{[/error]}" onto public org.springframework.http.ResponseEntity<java.util.Map<java.lang.String, java.lang.Object>> org.springframework.boot.autoconfigure.web.servlet.error.BasicErrorController.error(javax.servlet.http.HttpServletRequest)
[2020-01-09 21:56:30 INFO o.s.w.s.m.m.a.RequestMappingHandlerMapping ] Mapped "{[/error],produces=[text/html]}" onto public org.springframework.web.servlet.ModelAndView org.springframework.boot.autoconfigure.web.servlet.error.BasicErrorController.errorHtml(javax.servlet.http.HttpServletRequest,javax.servlet.http.HttpServletResponse)
[2020-01-09 21:56:30 INFO o.s.w.s.h.SimpleUrlHandlerMapping ] Mapped URL path [/webjars/**] onto handler of type [class org.springframework.web.servlet.resource.ResourceHttpRequestHandler]
[2020-01-09 21:56:30 INFO o.s.w.s.h.SimpleUrlHandlerMapping ] Mapped URL path [/**] onto handler of type [class org.springframework.web.servlet.resource.ResourceHttpRequestHandler]
[2020-01-09 21:56:30 INFO o.s.b.a.w.s.WelcomePageHandlerMapping ] Adding welcome page: class path resource [META-INF/resources/index.html]
[2020-01-09 21:56:30 INFO o.s.b.d.a.OptionalLiveReloadServer ] LiveReload server is running on port 35729
[2020-01-09 21:56:30 INFO o.s.j.e.a.AnnotationMBeanExporter ] Registering beans for JMX exposure on startup
[2020-01-09 21:56:30 INFO o.s.j.e.a.AnnotationMBeanExporter ] Bean with name 'dataSource' has been autodetected for JMX exposure
[2020-01-09 21:56:30 INFO o.s.j.e.a.AnnotationMBeanExporter ] Located MBean 'dataSource': registering with JMX server as MBean [com.alibaba.druid.pool:name=dataSource,type=DruidDataSource]
[2020-01-09 21:56:30 INFO o.s.b.w.e.t.TomcatWebServer ] Tomcat started on port(s): 8010 (http) with context path ''
[2020-01-09 21:56:30 INFO c.l.k.SpringbootKettleApplication ] Started SpringbootKettleApplication in 14.321 seconds (JVM running for 15.592)
[2020-01-09 21:56:30 INFO c.l.k.c.i.KettleCommandLineRunner ] 初始化自定义kettle环境开始
[2020-01-09 21:56:31 INFO o.p.d.c.v.ConcurrentFileSystemManager ] Using "C:\Users\ADMINI~1\AppData\Local\Temp\vfs_cache" as temporary files store.
[2020-01-09 21:56:31 INFO o.p.d.c.v.ConcurrentFileSystemManager ] Using "C:\Users\ADMINI~1\AppData\Local\Temp\vfs_cache" as temporary files store.
[2020-01-09 21:56:31 DEBUG o.p.d.c.v.ConcurrentFileSystemManager ] Skipping provider "org.apache.commons.vfs2.provider.webdav.WebdavFileProvider" because required class "org.apache.jackrabbit.webdav.client.methods.DavMethod" is not available.
[2020-01-09 21:56:31 DEBUG o.p.d.c.v.ConcurrentFileSystemManager ] Skipping provider "org.apache.commons.vfs2.provider.webdav.WebdavFileProvider" because required class "org.apache.jackrabbit.webdav.client.methods.DavMethod" is not available.
[2020-01-09 21:56:32 INFO c.l.k.c.i.KettleCommandLineRunner ] 初始化kettle环境开始
[2020-01-09 21:56:35 INFO c.l.k.c.i.KettleCommandLineRunner ] 初始化kettle环境结束 总耗时:4796:毫秒
[2020-01-09 21:57:37 INFO o.s.b.w.s.c.AnnotationConfigServletWebServerApplicationContext ] Closing org.springframework.boot.web.servlet.context.AnnotationConfigServletWebServerApplicationContext@5bde96ce: startup date [Thu Jan 09 21:56:17 CST 2020]; root of context hierarchy
[2020-01-09 21:57:37 INFO o.s.j.e.a.AnnotationMBeanExporter ] Unregistering JMX-exposed beans on shutdown
[2020-01-09 21:57:37 INFO o.s.j.e.a.AnnotationMBeanExporter ] Unregistering JMX-exposed beans
[2020-01-09 21:58:16 INFO c.l.k.SpringbootKettleApplication ] Starting SpringbootKettleApplication on SKY-20190831MCG with PID 6096 (D:\kettle-springboot\springboot-kettle\target\classes started by Administrator in D:\lcn+springboot\tx-manager)
[2020-01-09 21:58:16 DEBUG c.l.k.SpringbootKettleApplication ] Running with Spring Boot v2.0.4.RELEASE, Spring v5.0.8.RELEASE
[2020-01-09 21:58:16 INFO c.l.k.SpringbootKettleApplication ] No active profile set, falling back to default profiles: default
[2020-01-09 21:58:16 INFO o.s.b.w.s.c.AnnotationConfigServletWebServerApplicationContext ] Refreshing org.springframework.boot.web.servlet.context.AnnotationConfigServletWebServerApplicationContext@32611c36: startup date [Thu Jan 09 21:58:16 CST 2020]; root of context hierarchy
[2020-01-09 21:58:17 DEBUG o.b.s.e.s.BeetlSqlClassPathScanner ] Identified candidate component class: file [D:\kettle-springboot\springboot-kettle\target\classes\com\lx\kettle\core\mapper\CategoryDao.class]
[2020-01-09 21:58:17 DEBUG o.b.s.e.s.BeetlSqlClassPathScanner ] Identified candidate component class: file [D:\kettle-springboot\springboot-kettle\target\classes\com\lx\kettle\core\mapper\KJobDao.class]
[2020-01-09 21:58:17 DEBUG o.b.s.e.s.BeetlSqlClassPathScanner ] Identified candidate component class: file [D:\kettle-springboot\springboot-kettle\target\classes\com\lx\kettle\core\mapper\KJobMonitorDao.class]
[2020-01-09 21:58:17 DEBUG o.b.s.e.s.BeetlSqlClassPathScanner ] Identified candidate component class: file [D:\kettle-springboot\springboot-kettle\target\classes\com\lx\kettle\core\mapper\KQuartzDao.class]
[2020-01-09 21:58:17 DEBUG o.b.s.e.s.BeetlSqlClassPathScanner ] Identified candidate component class: file [D:\kettle-springboot\springboot-kettle\target\classes\com\lx\kettle\core\mapper\KRepositoryDao.class]
[2020-01-09 21:58:17 DEBUG o.b.s.e.s.BeetlSqlClassPathScanner ] Identified candidate component class: file [D:\kettle-springboot\springboot-kettle\target\classes\com\lx\kettle\core\mapper\KRepositoryTypeDao.class]
[2020-01-09 21:58:17 DEBUG o.b.s.e.s.BeetlSqlClassPathScanner ] Identified candidate component class: file [D:\kettle-springboot\springboot-kettle\target\classes\com\lx\kettle\core\mapper\KTransDao.class]
[2020-01-09 21:58:17 DEBUG o.b.s.e.s.BeetlSqlClassPathScanner ] Identified candidate component class: file [D:\kettle-springboot\springboot-kettle\target\classes\com\lx\kettle\core\mapper\KTransMonitorDao.class]
[2020-01-09 21:58:17 DEBUG o.b.s.e.s.BeetlSqlClassPathScanner ] Identified candidate component class: file [D:\kettle-springboot\springboot-kettle\target\classes\com\lx\kettle\core\mapper\KUserDao.class]
[2020-01-09 21:58:17 WARN o.b.s.e.s.BeetlSqlClassPathScanner ] BeetlSql没有在 '[com.lx.kettle.core.mapper]' 包中找到任何Mapper，请检查配置
[2020-01-09 21:58:17 WARN o.s.c.a.ConfigurationClassPostProcessor ] Cannot enhance @Configuration bean definition 'SQLManagerConfig' since its singleton instance has been created too early. The typical cause is a non-static @Bean method with a BeanDefinitionRegistryPostProcessor return type: Consider declaring such methods as 'static'.
[2020-01-09 21:58:18 INFO o.s.b.f.a.AutowiredAnnotationBeanPostProcessor ] JSR-330 'javax.inject.Inject' annotation found and supported for autowiring
[2020-01-09 21:58:18 INFO o.s.b.w.e.t.TomcatWebServer ] Tomcat initialized with port(s): 8010 (http)
[2020-01-09 21:58:19 INFO o.s.w.c.ContextLoader ] Root WebApplicationContext: initialization completed in 2573 ms
[2020-01-09 21:58:19 INFO o.s.b.w.s.ServletRegistrationBean ] Servlet dispatcherServlet mapped to [/]
[2020-01-09 21:58:19 INFO o.s.b.w.s.FilterRegistrationBean ] Mapping filter: 'characterEncodingFilter' to: [/*]
[2020-01-09 21:58:19 INFO o.s.b.w.s.FilterRegistrationBean ] Mapping filter: 'hiddenHttpMethodFilter' to: [/*]
[2020-01-09 21:58:19 INFO o.s.b.w.s.FilterRegistrationBean ] Mapping filter: 'httpPutFormContentFilter' to: [/*]
[2020-01-09 21:58:19 INFO o.s.b.w.s.FilterRegistrationBean ] Mapping filter: 'requestContextFilter' to: [/*]
[2020-01-09 21:58:30 INFO o.s.w.s.h.SimpleUrlHandlerMapping ] Mapped URL path [/**/favicon.ico] onto handler of type [class org.springframework.web.servlet.resource.ResourceHttpRequestHandler]
[2020-01-09 21:58:30 INFO o.s.w.s.m.m.a.RequestMappingHandlerAdapter ] Looking for @ControllerAdvice: org.springframework.boot.web.servlet.context.AnnotationConfigServletWebServerApplicationContext@32611c36: startup date [Thu Jan 09 21:58:16 CST 2020]; root of context hierarchy
[2020-01-09 21:58:30 INFO o.s.w.s.m.m.a.RequestMappingHandlerMapping ] Mapped "{[/category/getSimpleList.shtml]}" onto public java.lang.String com.lx.kettle.web.controller.CategoryController.simpleList(javax.servlet.http.HttpServletRequest)
[2020-01-09 21:58:30 INFO o.s.w.s.m.m.a.RequestMappingHandlerMapping ] Mapped "{[/category/getCategory.shtml]}" onto public java.lang.String com.lx.kettle.web.controller.CategoryController.getQuartz(java.lang.Integer)
[2020-01-09 21:58:30 INFO o.s.w.s.m.m.a.RequestMappingHandlerMapping ] Mapped "{[/index/login.shtml]}" onto public java.lang.String com.lx.kettle.web.controller.IndexController.login(java.lang.String,java.lang.String,org.springframework.web.servlet.mvc.support.RedirectAttributes,javax.servlet.http.HttpServletRequest)
[2020-01-09 21:58:30 INFO o.s.w.s.m.m.a.RequestMappingHandlerMapping ] Mapped "{[/index/isAdmin.shtml],methods=[POST]}" onto public java.lang.String com.lx.kettle.web.controller.IndexController.isAdmin(javax.servlet.http.HttpServletRequest)
[2020-01-09 21:58:30 INFO o.s.w.s.m.m.a.RequestMappingHandlerMapping ] Mapped "{[/job/getList.shtml]}" onto public java.lang.String com.lx.kettle.web.controller.JobController.getJobList(javax.servlet.http.HttpServletRequest,java.lang.Integer,java.lang.Integer,java.lang.Integer,java.lang.String)
[2020-01-09 21:58:30 INFO o.s.w.s.m.m.a.RequestMappingHandlerMapping ] Mapped "{[/job/getStopTaskCount.shtml]}" onto public java.lang.String com.lx.kettle.web.controller.JobController.getStopTaskCount(java.lang.Integer,java.lang.String,javax.servlet.http.HttpServletRequest)
[2020-01-09 21:58:30 INFO o.s.w.s.m.m.a.RequestMappingHandlerMapping ] Mapped "{[/job/getJobRunState.shtml]}" onto public java.lang.String com.lx.kettle.web.controller.JobController.getJobRunState(java.lang.Integer)
[2020-01-09 21:58:30 INFO o.s.w.s.m.m.a.RequestMappingHandlerMapping ] Mapped "{[/job/start.shtml/{jobId}]}" onto public java.lang.String com.lx.kettle.web.controller.JobController.startJob(java.lang.Integer,javax.servlet.http.HttpServletRequest)
[2020-01-09 21:58:30 INFO o.s.w.s.m.m.a.RequestMappingHandlerMapping ] Mapped "{[/job/getJob.shtml],methods=[POST]}" onto public java.lang.String com.lx.kettle.web.controller.JobController.getJobNamebyJobId(java.lang.Integer,javax.servlet.http.HttpServletRequest)
[2020-01-09 21:58:30 INFO o.s.w.s.m.m.a.RequestMappingHandlerMapping ] Mapped "{[/job/getStartTaskCount.shtml]}" onto public java.lang.String com.lx.kettle.web.controller.JobController.getStartTaskCount(java.lang.Integer,java.lang.String,javax.servlet.http.HttpServletRequest)
[2020-01-09 21:58:30 INFO o.s.w.s.m.m.a.RequestMappingHandlerMapping ] Mapped "{[/job/monitor/getAllMonitorJob.shtml],methods=[POST]}" onto public java.lang.Object com.lx.kettle.web.controller.JobMonitorController.getAllMonitorJob(org.apache.catalina.servlet4preview.http.HttpServletRequest)
[2020-01-09 21:58:30 INFO o.s.w.s.m.m.a.RequestMappingHandlerMapping ] Mapped "{[/main/getKettleLine.shtml],methods=[POST]}" onto public java.lang.String com.lx.kettle.web.controller.MainController.getKettleLine(javax.servlet.http.HttpServletRequest)
[2020-01-09 21:58:30 INFO o.s.w.s.m.m.a.RequestMappingHandlerMapping ] Mapped "{[/main/allRuning.shtml],methods=[POST]}" onto public java.lang.String com.lx.kettle.web.controller.MainController.allRuning(javax.servlet.http.HttpServletRequest)
[2020-01-09 21:58:30 INFO o.s.w.s.m.m.a.RequestMappingHandlerMapping ] Mapped "{[/main/getTransList.shtml],methods=[GET]}" onto public java.lang.String com.lx.kettle.web.controller.MainController.getTransList(java.lang.Integer,java.lang.Integer,javax.servlet.http.HttpServletRequest)
[2020-01-09 21:58:30 INFO o.s.w.s.m.m.a.RequestMappingHandlerMapping ] Mapped "{[/main/getJobList.shtml],methods=[GET]}" onto public java.lang.String com.lx.kettle.web.controller.MainController.getJobListTop5(java.lang.Integer,java.lang.Integer,javax.servlet.http.HttpServletRequest)
[2020-01-09 21:58:30 INFO o.s.w.s.m.m.a.RequestMappingHandlerMapping ] Mapped "{[/view/user/listUI.shtml]}" onto public java.lang.Object com.lx.kettle.web.controller.PageController.userList()
[2020-01-09 21:58:30 INFO o.s.w.s.m.m.a.RequestMappingHandlerMapping ] Mapped "{[/view/user/editUI.shtml]}" onto public java.lang.String com.lx.kettle.web.controller.PageController.userEditUI(java.lang.Integer,org.springframework.ui.Model)
[2020-01-09 21:58:30 INFO o.s.w.s.m.m.a.RequestMappingHandlerMapping ] Mapped "{[/view/user/addUI.shtml]}" onto public java.lang.String com.lx.kettle.web.controller.PageController.userAddUI()
[2020-01-09 21:58:30 INFO o.s.w.s.m.m.a.RequestMappingHandlerMapping ] Mapped "{[/view/indexUI.shtml]}" onto public java.lang.String com.lx.kettle.web.controller.PageController.IndexUI()
[2020-01-09 21:58:30 INFO o.s.w.s.m.m.a.RequestMappingHandlerMapping ] Mapped "{[/view/mainUI.shtml]}" onto public java.lang.String com.lx.kettle.web.controller.PageController.mainUI()
[2020-01-09 21:58:30 INFO o.s.w.s.m.m.a.RequestMappingHandlerMapping ] Mapped "{[/view/loginUI.shtml]}" onto public java.lang.String com.lx.kettle.web.controller.PageController.loginUI(java.lang.String,javax.servlet.http.HttpSession)
[2020-01-09 21:58:30 INFO o.s.w.s.m.m.a.RequestMappingHandlerMapping ] Mapped "{[/view/job/listUI.shtml]}" onto public java.lang.String com.lx.kettle.web.controller.PageController.jobListUI()
[2020-01-09 21:58:30 INFO o.s.w.s.m.m.a.RequestMappingHandlerMapping ] Mapped "{[/view/job/rAddUI.shtml]}" onto public java.lang.String com.lx.kettle.web.controller.PageController.jobRAddUI()
[2020-01-09 21:58:30 INFO o.s.w.s.m.m.a.RequestMappingHandlerMapping ] Mapped "{[/view/job/fAddUI.shtml]}" onto public java.lang.String com.lx.kettle.web.controller.PageController.jobFAddUI()
[2020-01-09 21:58:30 INFO o.s.w.s.m.m.a.RequestMappingHandlerMapping ] Mapped "{[/view/job/editUI.shtml]}" onto public java.lang.String com.lx.kettle.web.controller.PageController.jobEditUI(java.lang.Integer,org.springframework.ui.Model)
[2020-01-09 21:58:30 INFO o.s.w.s.m.m.a.RequestMappingHandlerMapping ] Mapped "{[/view/category/listUI.shtml]}" onto public java.lang.String com.lx.kettle.web.controller.PageController.categoryListUI()
[2020-01-09 21:58:30 INFO o.s.w.s.m.m.a.RequestMappingHandlerMapping ] Mapped "{[/view/category/addUI.shtml]}" onto public java.lang.String com.lx.kettle.web.controller.PageController.categoryAddUI()
[2020-01-09 21:58:30 INFO o.s.w.s.m.m.a.RequestMappingHandlerMapping ] Mapped "{[/view/category/editUI.shtml]}" onto public java.lang.String com.lx.kettle.web.controller.PageController.categoryEditUI(java.lang.Integer,org.springframework.ui.Model)
[2020-01-09 21:58:30 INFO o.s.w.s.m.m.a.RequestMappingHandlerMapping ] Mapped "{[/view/repostory/listUI.shtml]}" onto public java.lang.String com.lx.kettle.web.controller.PageController.repostoryListUI()
[2020-01-09 21:58:30 INFO o.s.w.s.m.m.a.RequestMappingHandlerMapping ] Mapped "{[/view/repository/addUI.shtml]}" onto public java.lang.String com.lx.kettle.web.controller.PageController.repositoryAddUI()
[2020-01-09 21:58:30 INFO o.s.w.s.m.m.a.RequestMappingHandlerMapping ] Mapped "{[/view/repository/editUI.shtml]}" onto public java.lang.String com.lx.kettle.web.controller.PageController.repositoryEditUI(java.lang.Integer,org.springframework.ui.Model)
[2020-01-09 21:58:30 INFO o.s.w.s.m.m.a.RequestMappingHandlerMapping ] Mapped "{[/view/trans/listUI.shtml]}" onto public java.lang.String com.lx.kettle.web.controller.PageController.transListUI()
[2020-01-09 21:58:30 INFO o.s.w.s.m.m.a.RequestMappingHandlerMapping ] Mapped "{[/view/trans/rAddUI.shtml]}" onto public java.lang.String com.lx.kettle.web.controller.PageController.transRAddUI()
[2020-01-09 21:58:30 INFO o.s.w.s.m.m.a.RequestMappingHandlerMapping ] Mapped "{[/view/trans/fAddUI.shtml]}" onto public java.lang.String com.lx.kettle.web.controller.PageController.transFAddUI()
[2020-01-09 21:58:30 INFO o.s.w.s.m.m.a.RequestMappingHandlerMapping ] Mapped "{[/view/trans/editUI.shtml]}" onto public java.lang.String com.lx.kettle.web.controller.PageController.transEditUI(java.lang.Integer,org.springframework.ui.Model)
[2020-01-09 21:58:30 INFO o.s.w.s.m.m.a.RequestMappingHandlerMapping ] Mapped "{[/view/job/monitor/listUI.shtml]}" onto public java.lang.String com.lx.kettle.web.controller.PageController.jobMonitorListUI()
[2020-01-09 21:58:30 INFO o.s.w.s.m.m.a.RequestMappingHandlerMapping ] Mapped "{[/view/trans/monitor/listUI.shtml]}" onto public java.lang.String com.lx.kettle.web.controller.PageController.transMonitorListUI()
[2020-01-09 21:58:30 INFO o.s.w.s.m.m.a.RequestMappingHandlerMapping ] Mapped "{[/quartz/getSimpleList.shtml]}" onto public java.lang.String com.lx.kettle.web.controller.QuartzController.simpleList(javax.servlet.http.HttpServletRequest)
[2020-01-09 21:58:30 INFO o.s.w.s.m.m.a.RequestMappingHandlerMapping ] Mapped "{[/quartz/getQuartz.shtml]}" onto public java.lang.String com.lx.kettle.web.controller.QuartzController.getQuartz(java.lang.Integer)
[2020-01-09 21:58:30 INFO o.s.w.s.m.m.a.RequestMappingHandlerMapping ] Mapped "{[/repository/database/delete.shtml]}" onto public java.lang.String com.lx.kettle.web.controller.RepostoryController.delete(java.lang.Integer)
[2020-01-09 21:58:30 INFO o.s.w.s.m.m.a.RequestMappingHandlerMapping ] Mapped "{[/repository/database/ckeck.shtml]}" onto public java.lang.String com.lx.kettle.web.controller.RepostoryController.check(com.lx.kettle.core.model.KRepository,javax.servlet.http.HttpServletRequest)
[2020-01-09 21:58:30 INFO o.s.w.s.m.m.a.RequestMappingHandlerMapping ] Mapped "{[/repository/database/getType.shtml]}" onto public java.lang.String com.lx.kettle.web.controller.RepostoryController.getType()
[2020-01-09 21:58:30 INFO o.s.w.s.m.m.a.RequestMappingHandlerMapping ] Mapped "{[/repository/database/insert.shtml]}" onto public java.lang.String com.lx.kettle.web.controller.RepostoryController.insert(javax.servlet.http.HttpServletRequest,com.lx.kettle.core.model.KRepository)
[2020-01-09 21:58:30 INFO o.s.w.s.m.m.a.RequestMappingHandlerMapping ] Mapped "{[/repository/database/getAccess.shtml]}" onto public java.lang.String com.lx.kettle.web.controller.RepostoryController.getAccess()
[2020-01-09 21:58:30 INFO o.s.w.s.m.m.a.RequestMappingHandlerMapping ] Mapped "{[/repository/database/getList.shtml]}" onto public java.lang.String com.lx.kettle.web.controller.RepostoryController.getList(java.lang.Integer,java.lang.Integer,javax.servlet.http.HttpServletRequest)
[2020-01-09 21:58:30 INFO o.s.w.s.m.m.a.RequestMappingHandlerMapping ] Mapped "{[/repository/database/getTransTree.shtml]}" onto public java.lang.String com.lx.kettle.web.controller.RepostoryController.getTransTree(java.lang.Integer)
[2020-01-09 21:58:30 INFO o.s.w.s.m.m.a.RequestMappingHandlerMapping ] Mapped "{[/repository/database/getKRepository.shtml]}" onto public java.lang.String com.lx.kettle.web.controller.RepostoryController.getKRepository(java.lang.Integer)
[2020-01-09 21:58:30 INFO o.s.w.s.m.m.a.RequestMappingHandlerMapping ] Mapped "{[/repository/database/getSimpleList.shtml]}" onto public java.lang.String com.lx.kettle.web.controller.RepostoryController.getSimpleList(javax.servlet.http.HttpServletRequest)
[2020-01-09 21:58:30 INFO o.s.w.s.m.m.a.RequestMappingHandlerMapping ] Mapped "{[/repository/database/getJobTree.shtml]}" onto public java.lang.String com.lx.kettle.web.controller.RepostoryController.getJobTreeByRepositoryId(javax.servlet.http.HttpServletRequest,java.lang.Integer)
[2020-01-09 21:58:30 INFO o.s.w.s.m.m.a.RequestMappingHandlerMapping ] Mapped "{[/trans/start.shtml]}" onto public java.lang.String com.lx.kettle.web.controller.TransController.start(java.lang.Integer)
[2020-01-09 21:58:30 INFO o.s.w.s.m.m.a.RequestMappingHandlerMapping ] Mapped "{[/trans/stop.shtml]}" onto public java.lang.String com.lx.kettle.web.controller.TransController.stop(java.lang.Integer)
[2020-01-09 21:58:30 INFO o.s.w.s.m.m.a.RequestMappingHandlerMapping ] Mapped "{[/trans/insert.shtml]}" onto public java.lang.String com.lx.kettle.web.controller.TransController.insert(com.lx.kettle.core.model.KTrans,java.lang.String,javax.servlet.http.HttpServletRequest)
[2020-01-09 21:58:30 INFO o.s.w.s.m.m.a.RequestMappingHandlerMapping ] Mapped "{[/trans/getList.shtml]}" onto public java.lang.String com.lx.kettle.web.controller.TransController.getList(java.lang.Integer,java.lang.Integer,java.lang.Integer,java.lang.String,javax.servlet.http.HttpServletRequest)
[2020-01-09 21:58:30 INFO o.s.w.s.m.m.a.RequestMappingHandlerMapping ] Mapped "{[/trans/getStopTaskCount.shtml]}" onto public java.lang.String com.lx.kettle.web.controller.TransController.getStopTaskCount(java.lang.Integer,java.lang.String,javax.servlet.http.HttpServletRequest)
[2020-01-09 21:58:30 INFO o.s.w.s.m.m.a.RequestMappingHandlerMapping ] Mapped "{[/trans/getTransRunState.shtml]}" onto public java.lang.String com.lx.kettle.web.controller.TransController.getTransRunState(java.lang.Integer)
[2020-01-09 21:58:30 INFO o.s.w.s.m.m.a.RequestMappingHandlerMapping ] Mapped "{[/trans/getTrans.shtml]}" onto public java.lang.String com.lx.kettle.web.controller.TransController.getTrans(java.lang.Integer)
[2020-01-09 21:58:30 INFO o.s.w.s.m.m.a.RequestMappingHandlerMapping ] Mapped "{[/trans/getStartTaskCount.shtml]}" onto public java.lang.String com.lx.kettle.web.controller.TransController.getStartTaskCount(java.lang.Integer,java.lang.String,javax.servlet.http.HttpServletRequest)
[2020-01-09 21:58:30 INFO o.s.w.s.m.m.a.RequestMappingHandlerMapping ] Mapped "{[/trans/getTrans.shtml/{transId}],methods=[POST]}" onto public java.lang.String com.lx.kettle.web.controller.TransController.getTransByTransId(javax.servlet.http.HttpServletRequest,java.lang.Integer)
[2020-01-09 21:58:30 INFO o.s.w.s.m.m.a.RequestMappingHandlerMapping ] Mapped "{[/trans/monitor/getAllMonitorTrans.shtml],methods=[POST]}" onto public java.lang.String com.lx.kettle.web.controller.TransMonitorController.getAllMonitorTrans(javax.servlet.http.HttpServletRequest)
[2020-01-09 21:58:30 INFO o.s.w.s.m.m.a.RequestMappingHandlerMapping ] Mapped "{[/user/getList.shtml]}" onto public java.lang.String com.lx.kettle.web.controller.UserController.getList(javax.servlet.http.HttpServletRequest,java.lang.Integer,java.lang.Integer)
[2020-01-09 21:58:30 INFO o.s.w.s.m.m.a.RequestMappingHandlerMapping ] Mapped "{[/user/insert.shtml]}" onto public java.lang.String com.lx.kettle.web.controller.UserController.insertUser(javax.servlet.http.HttpServletRequest,com.lx.kettle.core.model.KUser)
[2020-01-09 21:58:30 INFO o.s.w.s.m.m.a.RequestMappingHandlerMapping ] Mapped "{[/error]}" onto public org.springframework.http.ResponseEntity<java.util.Map<java.lang.String, java.lang.Object>> org.springframework.boot.autoconfigure.web.servlet.error.BasicErrorController.error(javax.servlet.http.HttpServletRequest)
[2020-01-09 21:58:30 INFO o.s.w.s.m.m.a.RequestMappingHandlerMapping ] Mapped "{[/error],produces=[text/html]}" onto public org.springframework.web.servlet.ModelAndView org.springframework.boot.autoconfigure.web.servlet.error.BasicErrorController.errorHtml(javax.servlet.http.HttpServletRequest,javax.servlet.http.HttpServletResponse)
[2020-01-09 21:58:30 INFO o.s.w.s.h.SimpleUrlHandlerMapping ] Mapped URL path [/webjars/**] onto handler of type [class org.springframework.web.servlet.resource.ResourceHttpRequestHandler]
[2020-01-09 21:58:30 INFO o.s.w.s.h.SimpleUrlHandlerMapping ] Mapped URL path [/**] onto handler of type [class org.springframework.web.servlet.resource.ResourceHttpRequestHandler]
[2020-01-09 21:58:30 INFO o.s.b.a.w.s.WelcomePageHandlerMapping ] Adding welcome page: class path resource [META-INF/resources/index.html]
[2020-01-09 21:58:31 INFO o.s.b.d.a.OptionalLiveReloadServer ] LiveReload server is running on port 35729
[2020-01-09 21:58:31 INFO o.s.j.e.a.AnnotationMBeanExporter ] Registering beans for JMX exposure on startup
[2020-01-09 21:58:31 INFO o.s.j.e.a.AnnotationMBeanExporter ] Bean with name 'dataSource' has been autodetected for JMX exposure
[2020-01-09 21:58:31 INFO o.s.j.e.a.AnnotationMBeanExporter ] Located MBean 'dataSource': registering with JMX server as MBean [com.alibaba.druid.pool:name=dataSource,type=DruidDataSource]
[2020-01-09 21:58:31 INFO o.s.b.w.e.t.TomcatWebServer ] Tomcat started on port(s): 8010 (http) with context path ''
[2020-01-09 21:58:31 INFO c.l.k.SpringbootKettleApplication ] Started SpringbootKettleApplication in 15.057 seconds (JVM running for 16.959)
[2020-01-09 21:58:31 INFO c.l.k.c.i.KettleCommandLineRunner ] 初始化自定义kettle环境开始
[2020-01-09 21:58:31 INFO o.p.d.c.v.ConcurrentFileSystemManager ] Using "C:\Users\ADMINI~1\AppData\Local\Temp\vfs_cache" as temporary files store.
[2020-01-09 21:58:31 INFO o.p.d.c.v.ConcurrentFileSystemManager ] Using "C:\Users\ADMINI~1\AppData\Local\Temp\vfs_cache" as temporary files store.
[2020-01-09 21:58:31 DEBUG o.p.d.c.v.ConcurrentFileSystemManager ] Skipping provider "org.apache.commons.vfs2.provider.webdav.WebdavFileProvider" because required class "org.apache.jackrabbit.webdav.client.methods.DavMethod" is not available.
[2020-01-09 21:58:31 DEBUG o.p.d.c.v.ConcurrentFileSystemManager ] Skipping provider "org.apache.commons.vfs2.provider.webdav.WebdavFileProvider" because required class "org.apache.jackrabbit.webdav.client.methods.DavMethod" is not available.
[2020-01-09 21:58:32 INFO c.l.k.c.i.KettleCommandLineRunner ] 初始化kettle环境开始
[2020-01-09 21:58:36 INFO c.l.k.c.i.KettleCommandLineRunner ] 初始化kettle环境结束 总耗时:4813:毫秒
